11-03-2023 @ 06:25:10 - ---[ New import started at 2023-11-03 06:25:10 ] PHP Memory: 256 MB, WP Memory: 40 MB
11-03-2023 @ 06:25:10 - Preparing for import.
11-03-2023 @ 06:25:10 - Row :1 - Parsing item.
11-03-2023 @ 06:25:10 - Row :1 - Processing item.
11-03-2023 @ 06:25:10 - Processing users.
11-03-2023 @ 06:25:13 - > &#8220;11&#8221;User imported successfully. ID:11
11-03-2023 @ 06:25:13 - > Finished importing user 11
11-03-2023 @ 06:25:13 - Row :1 - User imported successfully.
11-03-2023 @ 06:25:13 - Row :2 - Parsing item.
11-03-2023 @ 06:25:13 - Row :2 - Processing item.
11-03-2023 @ 06:25:13 - Processing users.
11-03-2023 @ 06:25:16 - > &#8220;12&#8221;User imported successfully. ID:12
11-03-2023 @ 06:25:16 - > Finished importing user 12
11-03-2023 @ 06:25:16 - Row :2 - User imported successfully.
11-03-2023 @ 06:25:16 - Row :3 - Parsing item.
11-03-2023 @ 06:25:16 - Row :3 - Processing item.
11-03-2023 @ 06:25:16 - Processing users.
11-03-2023 @ 06:25:21 - > &#8220;13&#8221;User imported successfully. ID:13
11-03-2023 @ 06:25:21 - > Finished importing user 13
11-03-2023 @ 06:25:21 - Row :3 - User imported successfully.
11-03-2023 @ 06:25:21 - Row :4 - Parsing item.
11-03-2023 @ 06:25:21 - Row :4 - Processing item.
11-03-2023 @ 06:25:21 - Processing users.
11-03-2023 @ 06:25:23 - > &#8220;14&#8221;User imported successfully. ID:14
11-03-2023 @ 06:25:23 - > Finished importing user 14
11-03-2023 @ 06:25:23 - Row :4 - User imported successfully.
11-03-2023 @ 06:25:23 - Row :5 - Parsing item.
11-03-2023 @ 06:25:23 - Row :5 - Processing item.
11-03-2023 @ 06:25:23 - Processing users.
11-03-2023 @ 06:25:26 - > &#8220;15&#8221;User imported successfully. ID:15
11-03-2023 @ 06:25:26 - > Finished importing user 15
11-03-2023 @ 06:25:26 - Row :5 - User imported successfully.
11-03-2023 @ 06:25:26 - Row :6 - Parsing item.
11-03-2023 @ 06:25:26 - Row :6 - Processing item.
11-03-2023 @ 06:25:26 - Processing users.
11-03-2023 @ 06:25:28 - > &#8220;16&#8221;User imported successfully. ID:16
11-03-2023 @ 06:25:28 - > Finished importing user 16
11-03-2023 @ 06:25:28 - Row :6 - User imported successfully.
11-03-2023 @ 06:25:28 - Row :7 - Parsing item.
11-03-2023 @ 06:25:28 - Row :7 - Processing item.
11-03-2023 @ 06:25:28 - Processing users.
11-03-2023 @ 06:25:31 - > &#8220;17&#8221;User imported successfully. ID:17
11-03-2023 @ 06:25:31 - > Finished importing user 17
11-03-2023 @ 06:25:31 - Row :7 - User imported successfully.
11-03-2023 @ 06:25:31 - Row :8 - Parsing item.
11-03-2023 @ 06:25:31 - Row :8 - Processing item.
11-03-2023 @ 06:25:31 - Processing users.
11-03-2023 @ 06:25:33 - > &#8220;18&#8221;User imported successfully. ID:18
11-03-2023 @ 06:25:33 - > Finished importing user 18
11-03-2023 @ 06:25:33 - Row :8 - User imported successfully.
11-03-2023 @ 06:25:33 - Row :9 - Parsing item.
11-03-2023 @ 06:25:33 - Row :9 - Processing item.
11-03-2023 @ 06:25:33 - Processing users.
11-03-2023 @ 06:25:34 - > &#8220;19&#8221;User imported successfully. ID:19
11-03-2023 @ 06:25:34 - > Finished importing user 19
11-03-2023 @ 06:25:34 - Row :9 - User imported successfully.
11-03-2023 @ 06:25:34 - Row :10 - Parsing item.
11-03-2023 @ 06:25:34 - Row :10 - Processing item.
11-03-2023 @ 06:25:34 - Processing users.
11-03-2023 @ 06:25:36 - > &#8220;20&#8221;User imported successfully. ID:20
11-03-2023 @ 06:25:36 - > Finished importing user 20
11-03-2023 @ 06:25:36 - Row :10 - User imported successfully.
11-03-2023 @ 06:25:36 - Row :11 - Parsing item.
11-03-2023 @ 06:25:36 - Row :11 - Processing item.
11-03-2023 @ 06:25:36 - Processing users.
11-03-2023 @ 06:25:39 - > &#8220;21&#8221;User imported successfully. ID:21
11-03-2023 @ 06:25:39 - > Finished importing user 21
11-03-2023 @ 06:25:39 - Row :11 - User imported successfully.
11-03-2023 @ 06:25:39 - Row :12 - Parsing item.
11-03-2023 @ 06:25:39 - Row :12 - Processing item.
11-03-2023 @ 06:25:39 - Processing users.
11-03-2023 @ 06:25:41 - > &#8220;22&#8221;User imported successfully. ID:22
11-03-2023 @ 06:25:41 - > Finished importing user 22
11-03-2023 @ 06:25:41 - Row :12 - User imported successfully.
11-03-2023 @ 06:25:41 - Row :13 - Parsing item.
11-03-2023 @ 06:25:41 - Row :13 - Processing item.
11-03-2023 @ 06:25:41 - Processing users.
11-03-2023 @ 06:25:47 - > &#8220;23&#8221;User imported successfully. ID:23
11-03-2023 @ 06:25:47 - > Finished importing user 23
11-03-2023 @ 06:25:47 - Row :13 - User imported successfully.
11-03-2023 @ 06:25:47 - Row :14 - Parsing item.
11-03-2023 @ 06:25:47 - Row :14 - Processing item.
11-03-2023 @ 06:25:47 - Processing users.
11-03-2023 @ 06:25:50 - > &#8220;24&#8221;User imported successfully. ID:24
11-03-2023 @ 06:25:50 - > Finished importing user 24
11-03-2023 @ 06:25:50 - Row :14 - User imported successfully.
11-03-2023 @ 06:25:50 - Row :15 - Parsing item.
11-03-2023 @ 06:25:50 - Row :15 - Processing item.
11-03-2023 @ 06:25:50 - Processing users.
11-03-2023 @ 06:25:52 - > &#8220;25&#8221;User imported successfully. ID:25
11-03-2023 @ 06:25:52 - > Finished importing user 25
11-03-2023 @ 06:25:52 - Row :15 - User imported successfully.
11-03-2023 @ 06:25:52 - Row :16 - Parsing item.
11-03-2023 @ 06:25:52 - Row :16 - Processing item.
11-03-2023 @ 06:25:52 - Processing users.
11-03-2023 @ 06:25:56 - > &#8220;26&#8221;User imported successfully. ID:26
11-03-2023 @ 06:25:56 - > Finished importing user 26
11-03-2023 @ 06:25:56 - Row :16 - User imported successfully.
11-03-2023 @ 06:25:56 - Row :17 - Parsing item.
11-03-2023 @ 06:25:56 - Row :17 - Processing item.
11-03-2023 @ 06:25:56 - Processing users.
11-03-2023 @ 06:25:59 - > &#8220;27&#8221;User imported successfully. ID:27
11-03-2023 @ 06:25:59 - > Finished importing user 27
11-03-2023 @ 06:25:59 - Row :17 - User imported successfully.
11-03-2023 @ 06:25:59 - Row :18 - Parsing item.
11-03-2023 @ 06:25:59 - Row :18 - Processing item.
11-03-2023 @ 06:25:59 - Processing users.
11-03-2023 @ 06:26:03 - > &#8220;28&#8221;User imported successfully. ID:28
11-03-2023 @ 06:26:03 - > Finished importing user 28
11-03-2023 @ 06:26:03 - Row :18 - User imported successfully.
11-03-2023 @ 06:26:03 - Row :19 - Parsing item.
11-03-2023 @ 06:26:03 - Row :19 - Processing item.
11-03-2023 @ 06:26:03 - Processing users.
11-03-2023 @ 06:26:06 - > &#8220;29&#8221;User imported successfully. ID:29
11-03-2023 @ 06:26:06 - > Finished importing user 29
11-03-2023 @ 06:26:06 - Row :19 - User imported successfully.
11-03-2023 @ 06:26:08 - ---[ Import ended at 2023-11-03 06:26:08]---
