11-03-2023 @ 11:46:28 - ---[ New import started at 2023-11-03 11:46:28 ] PHP Memory: 256 MB, WP Memory: 40 MB
11-03-2023 @ 11:46:28 - Preparing for import.
11-03-2023 @ 11:46:28 - Row :1 - Parsing item.
11-03-2023 @ 11:46:28 - Importing as new order ID:1212
11-03-2023 @ 11:46:28 - Row :1 - Processing item.
11-03-2023 @ 11:46:29 - Found order object. ID:1212
11-03-2023 @ 11:46:32 - Row :1 - Order imported successfully.
11-03-2023 @ 11:46:32 - Row :2 - Parsing item.
11-03-2023 @ 11:46:32 - Importing as new order ID:1206
11-03-2023 @ 11:46:32 - Row :2 - Processing item.
11-03-2023 @ 11:46:34 - Found order object. ID:1206
11-03-2023 @ 11:46:39 - Row :2 - Order imported successfully.
11-03-2023 @ 11:46:39 - Row :3 - Parsing item.
11-03-2023 @ 11:46:40 - Importing as new order ID:1204
11-03-2023 @ 11:46:40 - Row :3 - Processing item.
11-03-2023 @ 11:46:41 - Found order object. ID:1204
11-03-2023 @ 11:46:45 - Row :3 - Order imported successfully.
11-03-2023 @ 11:46:45 - Row :4 - Parsing item.
11-03-2023 @ 11:46:45 - Importing as new order ID:1202
11-03-2023 @ 11:46:45 - Row :4 - Processing item.
11-03-2023 @ 11:46:45 - Found order object. ID:1202
11-03-2023 @ 11:46:50 - Row :4 - Order imported successfully.
11-03-2023 @ 11:46:50 - Row :5 - Parsing item.
11-03-2023 @ 11:46:50 - Importing as new order ID:1200
11-03-2023 @ 11:46:50 - Row :5 - Processing item.
11-03-2023 @ 11:46:52 - Found order object. ID:1200
11-03-2023 @ 11:46:55 - Row :5 - Order imported successfully.
11-03-2023 @ 11:46:55 - Row :6 - Parsing item.
11-03-2023 @ 11:46:55 - Importing as new order ID:1198
11-03-2023 @ 11:46:55 - Row :6 - Processing item.
11-03-2023 @ 11:46:56 - Found order object. ID:1198
11-03-2023 @ 11:47:00 - Row :6 - Order imported successfully.
11-03-2023 @ 11:47:00 - Row :7 - Parsing item.
11-03-2023 @ 11:47:00 - Importing as new order ID:1196
11-03-2023 @ 11:47:00 - Row :7 - Processing item.
11-03-2023 @ 11:47:01 - Found order object. ID:1196
11-03-2023 @ 11:47:07 - Row :7 - Order imported successfully.
11-03-2023 @ 11:47:07 - Row :8 - Parsing item.
11-03-2023 @ 11:47:07 - Importing as new order ID:1162
11-03-2023 @ 11:47:07 - Row :8 - Processing item.
11-03-2023 @ 11:47:08 - Found order object. ID:1162
11-03-2023 @ 11:47:12 - Row :8 - Order imported successfully.
11-03-2023 @ 11:47:12 - Row :9 - Parsing item.
11-03-2023 @ 11:47:12 - Importing as new order ID:1160
11-03-2023 @ 11:47:12 - Row :9 - Processing item.
11-03-2023 @ 11:47:15 - Found order object. ID:1160
11-03-2023 @ 11:47:22 - Row :9 - Order imported successfully.
11-03-2023 @ 11:47:22 - Row :10 - Parsing item.
11-03-2023 @ 11:47:22 - Importing as new order ID:1158
11-03-2023 @ 11:47:22 - Row :10 - Processing item.
11-03-2023 @ 11:47:25 - Found order object. ID:1158
11-03-2023 @ 11:47:29 - Row :10 - Order imported successfully.
