11-03-2023 @ 11:48:25 - ---[ New import started at 2023-11-03 11:48:25 ] PHP Memory: 256 MB, WP Memory: 40 MB
11-03-2023 @ 11:48:25 - Preparing for import.
11-03-2023 @ 11:48:25 - Row :1 - Parsing item.
11-03-2023 @ 11:48:25 - Row :1 - Parsing failed. Reason: Order with same ID already exists. ID: 1212
11-03-2023 @ 11:48:25 - Row :2 - Parsing item.
11-03-2023 @ 11:48:25 - Row :2 - Parsing failed. Reason: Order with same ID already exists. ID: 1206
11-03-2023 @ 11:48:25 - Row :3 - Parsing item.
11-03-2023 @ 11:48:25 - Row :3 - Parsing failed. Reason: Order with same ID already exists. ID: 1204
11-03-2023 @ 11:48:25 - Row :4 - Parsing item.
11-03-2023 @ 11:48:25 - Row :4 - Parsing failed. Reason: Order with same ID already exists. ID: 1202
11-03-2023 @ 11:48:25 - Row :5 - Parsing item.
11-03-2023 @ 11:48:25 - Row :5 - Parsing failed. Reason: Order with same ID already exists. ID: 1200
11-03-2023 @ 11:48:25 - Row :6 - Parsing item.
11-03-2023 @ 11:48:25 - Row :6 - Parsing failed. Reason: Order with same ID already exists. ID: 1198
11-03-2023 @ 11:48:25 - Row :7 - Parsing item.
11-03-2023 @ 11:48:25 - Row :7 - Parsing failed. Reason: Order with same ID already exists. ID: 1196
11-03-2023 @ 11:48:25 - Row :8 - Parsing item.
11-03-2023 @ 11:48:25 - Row :8 - Parsing failed. Reason: Order with same ID already exists. ID: 1162
11-03-2023 @ 11:48:25 - Row :9 - Parsing item.
11-03-2023 @ 11:48:25 - Row :9 - Parsing failed. Reason: Order with same ID already exists. ID: 1160
11-03-2023 @ 11:48:25 - Row :10 - Parsing item.
11-03-2023 @ 11:48:25 - Row :10 - Parsing failed. Reason: Order with same ID already exists. ID: 1158
11-03-2023 @ 11:48:25 - Row :11 - Parsing item.
11-03-2023 @ 11:48:25 - Importing as new order ID:1156
11-03-2023 @ 11:48:25 - Row :11 - Processing item.
11-03-2023 @ 11:48:27 - Found order object. ID:1156
11-03-2023 @ 11:48:33 - Row :11 - Order imported successfully.
11-03-2023 @ 11:48:33 - Row :12 - Parsing item.
11-03-2023 @ 11:48:33 - Importing as new order ID:1154
11-03-2023 @ 11:48:33 - Row :12 - Processing item.
11-03-2023 @ 11:48:35 - Found order object. ID:1154
11-03-2023 @ 11:48:42 - Row :12 - Order imported successfully.
11-03-2023 @ 11:48:42 - Row :13 - Parsing item.
11-03-2023 @ 11:48:42 - Importing as new order ID:1152
11-03-2023 @ 11:48:42 - Row :13 - Processing item.
11-03-2023 @ 11:48:43 - Found order object. ID:1152
11-03-2023 @ 11:48:49 - Row :13 - Order imported successfully.
11-03-2023 @ 11:48:49 - Row :14 - Parsing item.
11-03-2023 @ 11:48:50 - Importing as new order ID:1150
11-03-2023 @ 11:48:50 - Row :14 - Processing item.
11-03-2023 @ 11:48:51 - Found order object. ID:1150
11-03-2023 @ 11:48:59 - Row :14 - Order imported successfully.
11-03-2023 @ 11:48:59 - Row :15 - Parsing item.
11-03-2023 @ 11:49:00 - Importing as new order ID:1141
11-03-2023 @ 11:49:00 - Row :15 - Processing item.
11-03-2023 @ 11:49:02 - Found order object. ID:1141
11-03-2023 @ 11:49:07 - Row :15 - Order imported successfully.
11-03-2023 @ 11:49:07 - Row :16 - Parsing item.
11-03-2023 @ 11:49:08 - Importing as new order ID:1118
11-03-2023 @ 11:49:08 - Row :16 - Processing item.
11-03-2023 @ 11:49:09 - Found order object. ID:1118
11-03-2023 @ 11:49:14 - Row :16 - Order imported successfully.
11-03-2023 @ 11:49:14 - Row :17 - Parsing item.
11-03-2023 @ 11:49:14 - Importing as new order ID:1113
11-03-2023 @ 11:49:14 - Row :17 - Processing item.
11-03-2023 @ 11:49:17 - Found order object. ID:1113
11-03-2023 @ 11:49:21 - Row :17 - Order imported successfully.
11-03-2023 @ 11:49:21 - Row :18 - Parsing item.
11-03-2023 @ 11:49:22 - Importing as new order ID:1080
11-03-2023 @ 11:49:22 - Row :18 - Processing item.
11-03-2023 @ 11:49:24 - Found order object. ID:1080
11-03-2023 @ 11:49:28 - Row :18 - Order imported successfully.
11-03-2023 @ 11:49:28 - Row :19 - Parsing item.
11-03-2023 @ 11:49:29 - Importing as new order ID:1070
11-03-2023 @ 11:49:29 - Row :19 - Processing item.
11-03-2023 @ 11:49:30 - Found order object. ID:1070
11-03-2023 @ 11:49:34 - Row :19 - Order imported successfully.
11-03-2023 @ 11:49:34 - Row :20 - Parsing item.
11-03-2023 @ 11:49:34 - Importing as new order ID:1068
11-03-2023 @ 11:49:34 - Row :20 - Processing item.
11-03-2023 @ 11:49:35 - Found order object. ID:1068
11-03-2023 @ 11:49:40 - Row :20 - Order imported successfully.
11-03-2023 @ 11:49:40 - Row :21 - Parsing item.
11-03-2023 @ 11:49:40 - Importing as new order ID:1066
11-03-2023 @ 11:49:40 - Row :21 - Processing item.
11-03-2023 @ 11:49:41 - Found order object. ID:1066
11-03-2023 @ 11:49:45 - Row :21 - Order imported successfully.
11-03-2023 @ 11:49:45 - Row :22 - Parsing item.
11-03-2023 @ 11:49:45 - Importing as new order ID:1063
11-03-2023 @ 11:49:45 - Row :22 - Processing item.
11-03-2023 @ 11:49:46 - Found order object. ID:1063
11-03-2023 @ 11:49:50 - Row :22 - Order imported successfully.
11-03-2023 @ 11:49:50 - Row :23 - Parsing item.
11-03-2023 @ 11:49:50 - Row :23 - Parsing failed. Reason: Order with same ID already exists. ID: 1061
11-03-2023 @ 11:49:50 - Row :24 - Parsing item.
11-03-2023 @ 11:49:51 - Importing as new order ID:1059
11-03-2023 @ 11:49:51 - Row :24 - Processing item.
11-03-2023 @ 11:49:51 - Found order object. ID:1059
11-03-2023 @ 11:49:54 - Row :24 - Order imported successfully.
11-03-2023 @ 11:49:54 - Row :25 - Parsing item.
11-03-2023 @ 11:49:55 - Importing as new order ID:1041
11-03-2023 @ 11:49:55 - Row :25 - Processing item.
11-03-2023 @ 11:49:56 - Found order object. ID:1041
11-03-2023 @ 11:50:00 - Row :25 - Order imported successfully.
11-03-2023 @ 11:50:00 - Row :26 - Parsing item.
11-03-2023 @ 11:50:01 - Importing as new order ID:1039
11-03-2023 @ 11:50:01 - Row :26 - Processing item.
11-03-2023 @ 11:50:02 - Found order object. ID:1039
11-03-2023 @ 11:50:08 - Row :26 - Order imported successfully.
11-03-2023 @ 11:50:08 - Row :27 - Parsing item.
11-03-2023 @ 11:50:08 - Importing as new order ID:1036
11-03-2023 @ 11:50:08 - Row :27 - Processing item.
11-03-2023 @ 11:50:10 - Found order object. ID:1036
11-03-2023 @ 11:50:19 - Row :27 - Order imported successfully.
11-03-2023 @ 11:50:19 - Row :28 - Parsing item.
11-03-2023 @ 11:50:21 - Importing as new order ID:1034
11-03-2023 @ 11:50:21 - Row :28 - Processing item.
11-03-2023 @ 11:50:22 - Found order object. ID:1034
11-03-2023 @ 11:50:26 - Row :28 - Order imported successfully.
11-03-2023 @ 11:50:26 - Row :29 - Parsing item.
11-03-2023 @ 11:50:26 - Importing as new order ID:1032
11-03-2023 @ 11:50:26 - Row :29 - Processing item.
11-03-2023 @ 11:50:27 - Found order object. ID:1032
11-03-2023 @ 11:50:33 - Row :29 - Order imported successfully.
11-03-2023 @ 11:50:33 - Row :30 - Parsing item.
11-03-2023 @ 11:50:33 - Importing as new order ID:1029
11-03-2023 @ 11:50:33 - Row :30 - Processing item.
11-03-2023 @ 11:50:37 - Found order object. ID:1029
11-03-2023 @ 11:50:43 - Row :30 - Order imported successfully.
11-03-2023 @ 11:50:43 - Row :31 - Parsing item.
11-03-2023 @ 11:50:44 - Importing as new order ID:1027
11-03-2023 @ 11:50:44 - Row :31 - Processing item.
11-03-2023 @ 11:50:46 - Found order object. ID:1027
11-03-2023 @ 11:50:50 - Row :31 - Order imported successfully.
11-03-2023 @ 11:50:50 - Row :32 - Parsing item.
11-03-2023 @ 11:50:51 - Importing as new order ID:1025
11-03-2023 @ 11:50:51 - Row :32 - Processing item.
11-03-2023 @ 11:50:52 - Found order object. ID:1025
11-03-2023 @ 11:50:55 - Row :32 - Order imported successfully.
11-03-2023 @ 11:50:55 - Row :33 - Parsing item.
11-03-2023 @ 11:50:56 - Importing as new order ID:1023
11-03-2023 @ 11:50:56 - Row :33 - Processing item.
11-03-2023 @ 11:50:56 - Found order object. ID:1023
11-03-2023 @ 11:50:59 - Row :33 - Order imported successfully.
11-03-2023 @ 11:50:59 - Row :34 - Parsing item.
11-03-2023 @ 11:50:59 - Importing as new order ID:1021
11-03-2023 @ 11:50:59 - Row :34 - Processing item.
11-03-2023 @ 11:50:59 - Found order object. ID:1021
11-03-2023 @ 11:51:03 - Row :34 - Order imported successfully.
11-03-2023 @ 11:51:03 - Row :35 - Parsing item.
11-03-2023 @ 11:51:03 - Importing as new order ID:1019
11-03-2023 @ 11:51:03 - Row :35 - Processing item.
11-03-2023 @ 11:51:04 - Found order object. ID:1019
11-03-2023 @ 11:51:06 - Row :35 - Order imported successfully.
11-03-2023 @ 11:51:06 - Row :36 - Parsing item.
11-03-2023 @ 11:51:07 - Importing as new order ID:663
11-03-2023 @ 11:51:07 - Row :36 - Processing item.
11-03-2023 @ 11:51:10 - Found order object. ID:663
11-03-2023 @ 11:51:14 - Row :36 - Order imported successfully.
11-03-2023 @ 11:51:14 - Row :37 - Parsing item.
11-03-2023 @ 11:51:14 - Importing as new order ID:661
11-03-2023 @ 11:51:14 - Row :37 - Processing item.
11-03-2023 @ 11:51:16 - Found order object. ID:661
11-03-2023 @ 11:51:21 - Row :37 - Order imported successfully.
11-03-2023 @ 11:51:21 - Row :38 - Parsing item.
11-03-2023 @ 11:51:21 - Importing as new order ID:659
11-03-2023 @ 11:51:21 - Row :38 - Processing item.
11-03-2023 @ 11:51:24 - Found order object. ID:659
11-03-2023 @ 11:51:28 - Row :38 - Order imported successfully.
11-03-2023 @ 11:51:28 - Row :39 - Parsing item.
11-03-2023 @ 11:51:28 - Importing as new order ID:657
11-03-2023 @ 11:51:28 - Row :39 - Processing item.
11-03-2023 @ 11:51:29 - Found order object. ID:657
11-03-2023 @ 11:51:35 - Row :39 - Order imported successfully.
11-03-2023 @ 11:51:35 - Row :40 - Parsing item.
11-03-2023 @ 11:51:35 - Importing as new order ID:655
11-03-2023 @ 11:51:35 - Row :40 - Processing item.
11-03-2023 @ 11:51:36 - Found order object. ID:655
11-03-2023 @ 11:51:40 - Row :40 - Order imported successfully.
11-03-2023 @ 11:51:40 - Row :41 - Parsing item.
11-03-2023 @ 11:51:40 - Importing as new order ID:653
11-03-2023 @ 11:51:40 - Row :41 - Processing item.
11-03-2023 @ 11:51:41 - Found order object. ID:653
11-03-2023 @ 11:51:46 - Row :41 - Order imported successfully.
11-03-2023 @ 11:51:46 - ---[ Import ended at 2023-11-03 11:51:46]---
